Using pre-set license
Built from '2021.3/staging' branch; Version is '2021.3.9f1 (ad3870b89536) revision 11352176'; Using compiler version '192829333'; Build Type 'Release'
OS: 'Windows 11  (10.0.22621) 64bit Professional' Language: 'en' Physical Memory: 8072 MB
BatchMode: 1, IsHumanControllingUs: 0, StartBugReporterOnCrash: 0, Is64bit: 1, IsPro: 1

COMMAND LINE ARGUMENTS:
D:\Games\Editor\2021.3.9f1\Editor\Unity.exe
-adb2
-batchMode
-noUpm
-name
AssetImportWorker7
-projectPath
D:/Temp/Lab2D
-logFile
Logs/AssetImportWorker7.log
-srvPort
63630
Successfully changed project path to: D:/Temp/Lab2D
D:/Temp/Lab2D
[UnityMemory] Configuration Parameters - Can be set up in boot.config
    "memorysetup-bucket-allocator-granularity=16"
    "memorysetup-bucket-allocator-bucket-count=8"
    "memorysetup-bucket-allocator-block-size=33554432"
    "memorysetup-bucket-allocator-block-count=8"
    "memorysetup-main-allocator-block-size=16777216"
    "memorysetup-thread-allocator-block-size=16777216"
    "memorysetup-gfx-main-allocator-block-size=16777216"
    "memorysetup-gfx-thread-allocator-block-size=16777216"
    "memorysetup-cache-allocator-block-size=4194304"
    "memorysetup-typetree-allocator-block-size=2097152"
    "memorysetup-profiler-bucket-allocator-granularity=16"
    "memorysetup-profiler-bucket-allocator-bucket-count=8"
    "memorysetup-profiler-bucket-allocator-block-size=33554432"
    "memorysetup-profiler-bucket-allocator-block-count=8"
    "memorysetup-profiler-allocator-block-size=16777216"
    "memorysetup-profiler-editor-allocator-block-size=1048576"
    "memorysetup-temp-allocator-size-main=16777216"
    "memorysetup-job-temp-allocator-block-size=2097152"
    "memorysetup-job-temp-allocator-block-size-background=1048576"
    "memorysetup-job-temp-allocator-reduction-small-platforms=262144"
    "memorysetup-temp-allocator-size-background-worker=32768"
    "memorysetup-temp-allocator-size-job-worker=262144"
    "memorysetup-temp-allocator-size-preload-manager=33554432"
    "memorysetup-temp-allocator-size-nav-mesh-worker=65536"
    "memorysetup-temp-allocator-size-audio-worker=65536"
    "memorysetup-temp-allocator-size-cloud-worker=32768"
    "memorysetup-temp-allocator-size-gi-baking-worker=262144"
    "memorysetup-temp-allocator-size-gfx=262144"
Refreshing native plugins compatible for Editor in 114.99 ms, found 4 plugins.
Preloading 0 native plugins for Editor in 0.00 ms.
Initialize engine version: 2021.3.9f1 (ad3870b89536)
[Subsystems] Discovering subsystems at path D:/Games/Editor/2021.3.9f1/Editor/Data/Resources/UnitySubsystems
[Subsystems] Discovering subsystems at path D:/Temp/Lab2D/Assets
GfxDevice: creating device client; threaded=0; jobified=0
Direct3D:
    Version:  Direct3D 11.0 [level 11.1]
    Renderer: NVIDIA GeForce GTX 1050 (ID=0x1c91)
    Vendor:   NVIDIA
    VRAM:     2995 MB
    Driver:   31.0.15.2698
Initialize mono
Mono path[0] = 'D:/Games/Editor/2021.3.9f1/Editor/Data/Managed'
Mono path[1] = 'D:/Games/Editor/2021.3.9f1/Editor/Data/MonoBleedingEdge/lib/mono/unityjit-win32'
Mono config path = 'D:/Games/Editor/2021.3.9f1/Editor/Data/MonoBleedingEdge/etc'
Using monoOptions --debugger-agent=transport=dt_socket,embedding=1,server=y,suspend=n,address=127.0.0.1:56528
Begin MonoManager ReloadAssembly
Registering precompiled unity dll's ...
Register platform support module: D:/Games/Editor/2021.3.9f1/Editor/Data/PlaybackEngines/WebGLSupport/UnityEditor.WebGL.Extensions.dll
Register platform support module: D:/Games/Editor/2021.3.9f1/Editor/Data/PlaybackEngines/WindowsStandaloneSupport/UnityEditor.WindowsStandalone.Extensions.dll
Registered in 0.002246 seconds.
Native extension for WindowsStandalone target not found
Native extension for WebGL target not found
Refreshing native plugins compatible for Editor in 97.84 ms, found 4 plugins.
Preloading 0 native plugins for Editor in 0.00 ms.
Mono: successfully reloaded assembly
- Completed reload, in  0.728 seconds
Domain Reload Profiling:
	ReloadAssembly (728ms)
		BeginReloadAssembly (76ms)
			ExecutionOrderSort (0ms)
			DisableScriptedObjects (0ms)
			BackupInstance (0ms)
			ReleaseScriptingObjects (0ms)
			CreateAndSetChildDomain (1ms)
		EndReloadAssembly (530ms)
			LoadAssemblies (75ms)
			RebuildTransferFunctionScriptingTraits (0ms)
			SetupTypeCache (131ms)
			ReleaseScriptCaches (0ms)
			RebuildScriptCaches (31ms)
			SetupLoadedEditorAssemblies (315ms)
				LogAssemblyErrors (0ms)
				InitializePlatformSupportModulesInManaged (8ms)
				SetLoadedEditorAssemblies (0ms)
				RefreshPlugins (98ms)
				BeforeProcessingInitializeOnLoad (1ms)
				ProcessInitializeOnLoadAttributes (158ms)
				ProcessInitializeOnLoadMethodAttributes (50ms)
				AfterProcessingInitializeOnLoad (0ms)
				EditorAssembliesLoaded (0ms)
			ExecutionOrderSort2 (0ms)
			AwakeInstancesAfterBackupRestoration (0ms)
Platform modules already initialized, skipping
Registering precompiled user dll's ...
Registered in 0.005193 seconds.
Begin MonoManager ReloadAssembly
Symbol file LoadedFromMemory doesn't match image D:\Temp\Lab2D\Library\PackageCache\com.unity.visualscripting@1.7.8\Editor\VisualScripting.Core\Dependencies\YamlDotNet\Unity.VisualScripting.YamlDotNet.dll
Symbol file LoadedFromMemory doesn't match image D:\Temp\Lab2D\Library\PackageCache\com.unity.visualscripting@1.7.8\Editor\VisualScripting.Core\Dependencies\DotNetZip\Unity.VisualScripting.IonicZip.dll
Native extension for WindowsStandalone target not found
Native extension for WebGL target not found
Refreshing native plugins compatible for Editor in 97.80 ms, found 4 plugins.
Preloading 0 native plugins for Editor in 0.00 ms.
Mono: successfully reloaded assembly
- Completed reload, in 10.447 seconds
Domain Reload Profiling:
	ReloadAssembly (10448ms)
		BeginReloadAssembly (123ms)
			ExecutionOrderSort (0ms)
			DisableScriptedObjects (6ms)
			BackupInstance (0ms)
			ReleaseScriptingObjects (0ms)
			CreateAndSetChildDomain (22ms)
		EndReloadAssembly (10048ms)
			LoadAssemblies (6698ms)
			RebuildTransferFunctionScriptingTraits (0ms)
			SetupTypeCache (1003ms)
			ReleaseScriptCaches (1ms)
			RebuildScriptCaches (64ms)
			SetupLoadedEditorAssemblies (2242ms)
				LogAssemblyErrors (0ms)
				InitializePlatformSupportModulesInManaged (4ms)
				SetLoadedEditorAssemblies (0ms)
				RefreshPlugins (98ms)
				BeforeProcessingInitializeOnLoad (100ms)
				ProcessInitializeOnLoadAttributes (689ms)
				ProcessInitializeOnLoadMethodAttributes (1348ms)
				AfterProcessingInitializeOnLoad (3ms)
				EditorAssembliesLoaded (0ms)
			ExecutionOrderSort2 (0ms)
			AwakeInstancesAfterBackupRestoration (7ms)
Platform modules already initialized, skipping
========================================================================
Worker process is ready to serve import requests
Launched and connected shader compiler UnityShaderCompiler.exe after 0.06 seconds
Refreshing native plugins compatible for Editor in 2.14 ms, found 4 plugins.
Preloading 0 native plugins for Editor in 0.00 ms.
Unloading 4069 Unused Serialized files (Serialized files now loaded: 0)
Unloading 44 unused Assets / (223.4 KB). Loaded Objects now: 4519.
Memory consumption went from 151.3 MB to 151.1 MB.
Total: 3.999500 ms (FindLiveObjects: 0.419300 ms CreateObjectMapping: 0.312900 ms MarkObjects: 3.028700 ms  DeleteObjects: 0.237700 ms)

AssetImportParameters requested are different than current active one (requested -> active):
  custom:video-decoder-ogg-theora: a1e56fd34408186e4bbccfd4996cb3dc -> 
  custom:container-muxer-webm: aa71ff27fc2769a1b78a27578f13a17b -> 
  custom:container-demuxer-webm: 4f35f7cbe854078d1ac9338744f61a02 -> 
  custom:video-encoder-webm-vp8: eb34c28f22e8b96e1ab97ce403110664 -> 
  custom:audio-encoder-webm-vorbis: bf7c407c2cedff20999df2af8eb42d56 -> 
  custom:framework-win-MediaFoundation: 216162199b28c13a410421893ffa2e32 -> 
  custom:container-demuxer-ogg: 62fdf1f143b41e24485cea50d1cbac27 -> 
  custom:video-decoder-webm-vp8: 9c59270c3fd7afecdb556c50c9e8de78 -> 
  custom:audio-decoder-ogg-vorbis: bf7c407c2cedff20999df2af8eb42d56 -> 
========================================================================
Received Import Request.
  Time since last request: 251337.086800 seconds.
  path: Assets/TIles/SPA_Background brown tint.png
  artifactKey: Guid(f1a41eb800ee58a4199e870d68e43299) Importer(815301076,1909f56bfc062723c751e8b465ee728b)
Start importing Assets/TIles/SPA_Background brown tint.png using Guid(f1a41eb800ee58a4199e870d68e43299) Importer(815301076,1909f56bfc062723c751e8b465ee728b)  -> (artifact id: '5d325e0f3f0e5660f50638fc8402b830') in 0.311107 seconds 
========================================================================
Received Import Request.
  Time since last request: 342.102351 seconds.
  path: Assets/TIles/SPA_Rock_Grass_Water_1.asset
  artifactKey: Guid(4072c7f1d0537104286e78d59f857932) Importer(815301076,1909f56bfc062723c751e8b465ee728b)
Start importing Assets/TIles/SPA_Rock_Grass_Water_1.asset using Guid(4072c7f1d0537104286e78d59f857932) Importer(815301076,1909f56bfc062723c751e8b465ee728b)  -> (artifact id: 'b3c84cb42804841fb84c47a288c5d041') in 0.046128 seconds 
========================================================================
Received Import Request.
  Time since last request: 0.000205 seconds.
  path: Assets/TIles/SPA_Rock_Grass_Water_27.asset
  artifactKey: Guid(cdd99f84cd62db343ad9944e612498ed) Importer(815301076,1909f56bfc062723c751e8b465ee728b)
Start importing Assets/TIles/SPA_Rock_Grass_Water_27.asset using Guid(cdd99f84cd62db343ad9944e612498ed) Importer(815301076,1909f56bfc062723c751e8b465ee728b)  -> (artifact id: 'eb8381a9008b3adc2b6c1dac05691ef1') in 0.038630 seconds 
========================================================================
Received Import Request.
  Time since last request: 0.000048 seconds.
  path: Assets/TIles/SPA_Rock_Grass_Water_18.asset
  artifactKey: Guid(34ac6cb031bb7ca45928997706ec7156) Importer(815301076,1909f56bfc062723c751e8b465ee728b)
Start importing Assets/TIles/SPA_Rock_Grass_Water_18.asset using Guid(34ac6cb031bb7ca45928997706ec7156) Importer(815301076,1909f56bfc062723c751e8b465ee728b)  -> (artifact id: '3eb00200cbbffb0cbb5f609670cf900f') in 0.020499 seconds 
========================================================================
Received Import Request.
  Time since last request: 0.000045 seconds.
  path: Assets/TIles/SPA_Rock_Grass_Water_8.asset
  artifactKey: Guid(5047a55507247064c995d1f532cb0fad) Importer(815301076,1909f56bfc062723c751e8b465ee728b)
Start importing Assets/TIles/SPA_Rock_Grass_Water_8.asset using Guid(5047a55507247064c995d1f532cb0fad) Importer(815301076,1909f56bfc062723c751e8b465ee728b)  -> (artifact id: 'c05862bf67c1952968b5e65161a808da') in 0.028999 seconds 
========================================================================
Received Import Request.
  Time since last request: 0.000079 seconds.
  path: Assets/TIles/SPA_Rock_Grass_Water_21.asset
  artifactKey: Guid(562d13ba11d3f724f97f108a3f74d12c) Importer(815301076,1909f56bfc062723c751e8b465ee728b)
Start importing Assets/TIles/SPA_Rock_Grass_Water_21.asset using Guid(562d13ba11d3f724f97f108a3f74d12c) Importer(815301076,1909f56bfc062723c751e8b465ee728b)  -> (artifact id: 'bdbe6f267dcb449f4f81b23e4e7f01b3') in 0.018925 seconds 
========================================================================
Received Import Request.
  Time since last request: 0.000047 seconds.
  path: Assets/TIles/SPA_Rock_Grass_Water_6.asset
  artifactKey: Guid(bf86242a9e9905f499991d01556ce5e5) Importer(815301076,1909f56bfc062723c751e8b465ee728b)
Start importing Assets/TIles/SPA_Rock_Grass_Water_6.asset using Guid(bf86242a9e9905f499991d01556ce5e5) Importer(815301076,1909f56bfc062723c751e8b465ee728b)  -> (artifact id: '3607568aaab67e2cec67987c8270d933') in 0.019699 seconds 
========================================================================
Received Import Request.
  Time since last request: 0.000252 seconds.
  path: Assets/TIles/SPA_Rock_Grass_Water_5.asset
  artifactKey: Guid(cf59ca84c557b884d8d3c6192871a98a) Importer(815301076,1909f56bfc062723c751e8b465ee728b)
Start importing Assets/TIles/SPA_Rock_Grass_Water_5.asset using Guid(cf59ca84c557b884d8d3c6192871a98a) Importer(815301076,1909f56bfc062723c751e8b465ee728b)  -> (artifact id: 'f1ffbadf0d1c7f1ff24f7e699f5497a5') in 0.015461 seconds 
========================================================================
Received Import Request.
  Time since last request: 0.000031 seconds.
  path: Assets/TIles/SPA_Rock_Grass_Water_10.asset
  artifactKey: Guid(eb8f219b8f116c141b97b65251a059c7) Importer(815301076,1909f56bfc062723c751e8b465ee728b)
Start importing Assets/TIles/SPA_Rock_Grass_Water_10.asset using Guid(eb8f219b8f116c141b97b65251a059c7) Importer(815301076,1909f56bfc062723c751e8b465ee728b)  -> (artifact id: '5cdfaf22659a8113a31514ebdfa64544') in 0.015718 seconds 
========================================================================
Received Import Request.
  Time since last request: 0.000197 seconds.
  path: Assets/TIles/SPA_Rock_Grass_Water_3.asset
  artifactKey: Guid(5f893e444492bed439928e633024e846) Importer(815301076,1909f56bfc062723c751e8b465ee728b)
Start importing Assets/TIles/SPA_Rock_Grass_Water_3.asset using Guid(5f893e444492bed439928e633024e846) Importer(815301076,1909f56bfc062723c751e8b465ee728b)  -> (artifact id: 'f421521d8365fd823b22b19a008bf1de') in 0.015124 seconds 
========================================================================
Received Import Request.
  Time since last request: 0.000060 seconds.
  path: Assets/TIles/SPA_Rock_Grass_Water_14.asset
  artifactKey: Guid(75a759d1de93c4748beb5a4588252825) Importer(815301076,1909f56bfc062723c751e8b465ee728b)
Start importing Assets/TIles/SPA_Rock_Grass_Water_14.asset using Guid(75a759d1de93c4748beb5a4588252825) Importer(815301076,1909f56bfc062723c751e8b465ee728b)  -> (artifact id: 'cfc5d85dad113622152e517f8f0b2c51') in 0.019293 seconds 
========================================================================
Received Import Request.
  Time since last request: 0.000233 seconds.
  path: Assets/TIles/SPA_Rock_Grass_Water_16.asset
  artifactKey: Guid(26b7577b720ac254ab46cd87e9b3f248) Importer(815301076,1909f56bfc062723c751e8b465ee728b)
Start importing Assets/TIles/SPA_Rock_Grass_Water_16.asset using Guid(26b7577b720ac254ab46cd87e9b3f248) Importer(815301076,1909f56bfc062723c751e8b465ee728b)  -> (artifact id: '73b7088493dc456c84b47f4c5befb170') in 0.019050 seconds 
========================================================================
Received Import Request.
  Time since last request: 0.000058 seconds.
  path: Assets/TIles/SPA_Rock_Grass_Water_13.asset
  artifactKey: Guid(a5d949581b94a2a4e95ad9b3be35db79) Importer(815301076,1909f56bfc062723c751e8b465ee728b)
Start importing Assets/TIles/SPA_Rock_Grass_Water_13.asset using Guid(a5d949581b94a2a4e95ad9b3be35db79) Importer(815301076,1909f56bfc062723c751e8b465ee728b)  -> (artifact id: '3309188c5ad01df12651220afcc90d83') in 0.015473 seconds 
========================================================================
Received Import Request.
  Time since last request: 0.000033 seconds.
  path: Assets/TIles/SPA_Rock_Grass_Water_19.asset
  artifactKey: Guid(fc3a11bed3bb28e40b101614c133516d) Importer(815301076,1909f56bfc062723c751e8b465ee728b)
Start importing Assets/TIles/SPA_Rock_Grass_Water_19.asset using Guid(fc3a11bed3bb28e40b101614c133516d) Importer(815301076,1909f56bfc062723c751e8b465ee728b)  -> (artifact id: 'aeed1b4bfb0696e4dbae5bd8129ccf79') in 0.016674 seconds 
========================================================================
Received Import Request.
  Time since last request: 0.000031 seconds.
  path: Assets/TIles/SPA_Rock_Grass_Water_23.asset
  artifactKey: Guid(987c9c918a8b3184cbf8982231c57f6c) Importer(815301076,1909f56bfc062723c751e8b465ee728b)
Start importing Assets/TIles/SPA_Rock_Grass_Water_23.asset using Guid(987c9c918a8b3184cbf8982231c57f6c) Importer(815301076,1909f56bfc062723c751e8b465ee728b)  -> (artifact id: 'ff2ff56581128dd11a6f3194cb597534') in 0.017136 seconds 
========================================================================
Received Import Request.
  Time since last request: 0.000039 seconds.
  path: Assets/TIles/SPA_Rock_Grass_Water_15.asset
  artifactKey: Guid(7891ef810939c6247abf75a2c3a7ebc6) Importer(815301076,1909f56bfc062723c751e8b465ee728b)
Start importing Assets/TIles/SPA_Rock_Grass_Water_15.asset using Guid(7891ef810939c6247abf75a2c3a7ebc6) Importer(815301076,1909f56bfc062723c751e8b465ee728b)  -> (artifact id: '061894a07257de0764d08ff840b5ef07') in 0.017050 seconds 
========================================================================
Received Import Request.
  Time since last request: 0.000045 seconds.
  path: Assets/TIles/SPA_Rock_Grass_Water_24.asset
  artifactKey: Guid(4967880a5ed552f49a3826431a65744a) Importer(815301076,1909f56bfc062723c751e8b465ee728b)
Start importing Assets/TIles/SPA_Rock_Grass_Water_24.asset using Guid(4967880a5ed552f49a3826431a65744a) Importer(815301076,1909f56bfc062723c751e8b465ee728b)  -> (artifact id: 'c55336460b332198c16196891935b748') in 0.018001 seconds 
========================================================================
Received Import Request.
  Time since last request: 1.155326 seconds.
  path: Assets/TIles/WorldBuilding.prefab
  artifactKey: Guid(a3d5bf12c81bfac42b2c575849b95ed3) Importer(815301076,1909f56bfc062723c751e8b465ee728b)
Start importing Assets/TIles/WorldBuilding.prefab using Guid(a3d5bf12c81bfac42b2c575849b95ed3) Importer(815301076,1909f56bfc062723c751e8b465ee728b)  -> (artifact id: '2e0ec0ece83986f23563150586290c5e') in 0.272241 seconds 
========================================================================
Received Import Request.
  Time since last request: 25.829371 seconds.
  path: Assets/TIles/SPA_Background brown tint_1.asset
  artifactKey: Guid(9f28061355c2f544982476f8f957ae75) Importer(815301076,1909f56bfc062723c751e8b465ee728b)
Start importing Assets/TIles/SPA_Background brown tint_1.asset using Guid(9f28061355c2f544982476f8f957ae75) Importer(815301076,1909f56bfc062723c751e8b465ee728b)  -> (artifact id: '7b4805595a370d46ab14a2d158615a9a') in 0.020004 seconds 
========================================================================
Received Import Request.
  Time since last request: 0.000035 seconds.
  path: Assets/TIles/SPA_Background brown tint_10.asset
  artifactKey: Guid(b5735bc3564d9554db308068aaeecfb7) Importer(815301076,1909f56bfc062723c751e8b465ee728b)
Start importing Assets/TIles/SPA_Background brown tint_10.asset using Guid(b5735bc3564d9554db308068aaeecfb7) Importer(815301076,1909f56bfc062723c751e8b465ee728b)  -> (artifact id: 'a5028d92caee0aca370412305c2e9d44') in 0.016781 seconds 
========================================================================
Received Import Request.
  Time since last request: 0.000048 seconds.
  path: Assets/TIles/SPA_Background brown tint_2.asset
  artifactKey: Guid(59a971ed8d71c1a41b93317450b8f0d9) Importer(815301076,1909f56bfc062723c751e8b465ee728b)
Start importing Assets/TIles/SPA_Background brown tint_2.asset using Guid(59a971ed8d71c1a41b93317450b8f0d9) Importer(815301076,1909f56bfc062723c751e8b465ee728b)  -> (artifact id: '7126694a518ca26e44d824e9ff444a78') in 0.017667 seconds 
========================================================================
Received Import Request.
  Time since last request: 0.000027 seconds.
  path: Assets/TIles/SPA_Background brown tint_13.asset
  artifactKey: Guid(f4df805ab660ec047bf43b43427386c8) Importer(815301076,1909f56bfc062723c751e8b465ee728b)
Start importing Assets/TIles/SPA_Background brown tint_13.asset using Guid(f4df805ab660ec047bf43b43427386c8) Importer(815301076,1909f56bfc062723c751e8b465ee728b)  -> (artifact id: '39fcc4aa6ab0aaac23644ed2e12621a4') in 0.088135 seconds 
========================================================================
Received Import Request.
  Time since last request: 0.000084 seconds.
  path: Assets/TIles/SPA_Background brown tint_9.asset
  artifactKey: Guid(fd7d0f2d70feb0c408617dd456286495) Importer(815301076,1909f56bfc062723c751e8b465ee728b)
Start importing Assets/TIles/SPA_Background brown tint_9.asset using Guid(fd7d0f2d70feb0c408617dd456286495) Importer(815301076,1909f56bfc062723c751e8b465ee728b)  -> (artifact id: '8e96839c98cf223c337072f99c5048d3') in 0.017230 seconds 
========================================================================
Received Import Request.
  Time since last request: 0.000022 seconds.
  path: Assets/TIles/SPA_Background brown tint_4.asset
  artifactKey: Guid(9d38bec6c69226f4586d640363c14adf) Importer(815301076,1909f56bfc062723c751e8b465ee728b)
Start importing Assets/TIles/SPA_Background brown tint_4.asset using Guid(9d38bec6c69226f4586d640363c14adf) Importer(815301076,1909f56bfc062723c751e8b465ee728b)  -> (artifact id: '97d0ab5d3446d7d8c4934fdfc128a5f1') in 0.017963 seconds 
========================================================================
Received Import Request.
  Time since last request: 0.000028 seconds.
  path: Assets/TIles/SPA_Background brown tint_5.asset
  artifactKey: Guid(ae3eacf41b5187b4788d5a553a205567) Importer(815301076,1909f56bfc062723c751e8b465ee728b)
Start importing Assets/TIles/SPA_Background brown tint_5.asset using Guid(ae3eacf41b5187b4788d5a553a205567) Importer(815301076,1909f56bfc062723c751e8b465ee728b)  -> (artifact id: '6f9d58f1bba62007282d55fb4ed35bb9') in 0.019781 seconds 
========================================================================
Received Import Request.
  Time since last request: 56.291378 seconds.
  path: Assets/TIles/SPA_Background brown tint_15.asset
  artifactKey: Guid(988f0e2a03bea204ebed50bebe5fa943) Importer(815301076,1909f56bfc062723c751e8b465ee728b)
Start importing Assets/TIles/SPA_Background brown tint_15.asset using Guid(988f0e2a03bea204ebed50bebe5fa943) Importer(815301076,1909f56bfc062723c751e8b465ee728b)  -> (artifact id: '1146bd59f24dc15c8fc8e21c8100f4e7') in 0.015357 seconds 
========================================================================
Received Import Request.
  Time since last request: 3.025919 seconds.
  path: Assets/TIles/SPA_Background brown tint_0.asset
  artifactKey: Guid(b96c973efc10a1946bf2e2264f5c67da) Importer(815301076,1909f56bfc062723c751e8b465ee728b)
Start importing Assets/TIles/SPA_Background brown tint_0.asset using Guid(b96c973efc10a1946bf2e2264f5c67da) Importer(815301076,1909f56bfc062723c751e8b465ee728b)  -> (artifact id: '18cb331983dc194c7135e0eb25b13216') in 0.009945 seconds 
========================================================================
Received Import Request.
  Time since last request: 0.000036 seconds.
  path: Assets/TIles/SPA_Background brown tint_10.asset
  artifactKey: Guid(b5735bc3564d9554db308068aaeecfb7) Importer(815301076,1909f56bfc062723c751e8b465ee728b)
Start importing Assets/TIles/SPA_Background brown tint_10.asset using Guid(b5735bc3564d9554db308068aaeecfb7) Importer(815301076,1909f56bfc062723c751e8b465ee728b)  -> (artifact id: '3f176e449ffbcfbd48aa091f8c6bdc52') in 0.021936 seconds 
========================================================================
Received Import Request.
  Time since last request: 0.000082 seconds.
  path: Assets/TIles/SPA_Background brown tint_7.asset
  artifactKey: Guid(140b4e12f70b7db489ef334ce6b62da7) Importer(815301076,1909f56bfc062723c751e8b465ee728b)
Start importing Assets/TIles/SPA_Background brown tint_7.asset using Guid(140b4e12f70b7db489ef334ce6b62da7) Importer(815301076,1909f56bfc062723c751e8b465ee728b)  -> (artifact id: '28445cbf180644b279c5a905b7490d4b') in 0.010178 seconds 
========================================================================
Received Import Request.
  Time since last request: 0.000048 seconds.
  path: Assets/TIles/SPA_Background brown tint_2.asset
  artifactKey: Guid(59a971ed8d71c1a41b93317450b8f0d9) Importer(815301076,1909f56bfc062723c751e8b465ee728b)
Start importing Assets/TIles/SPA_Background brown tint_2.asset using Guid(59a971ed8d71c1a41b93317450b8f0d9) Importer(815301076,1909f56bfc062723c751e8b465ee728b)  -> (artifact id: 'a40437e34af6956acecbb9e2042a8e53') in 0.010579 seconds 
========================================================================
Received Import Request.
  Time since last request: 0.000024 seconds.
  path: Assets/TIles/SPA_Background brown tint_13.asset
  artifactKey: Guid(f4df805ab660ec047bf43b43427386c8) Importer(815301076,1909f56bfc062723c751e8b465ee728b)
Start importing Assets/TIles/SPA_Background brown tint_13.asset using Guid(f4df805ab660ec047bf43b43427386c8) Importer(815301076,1909f56bfc062723c751e8b465ee728b)  -> (artifact id: 'baba036df418288ba30a888aa2bf25cb') in 0.012251 seconds 
========================================================================
Received Import Request.
  Time since last request: 0.000021 seconds.
  path: Assets/TIles/SPA_Background brown tint_9.asset
  artifactKey: Guid(fd7d0f2d70feb0c408617dd456286495) Importer(815301076,1909f56bfc062723c751e8b465ee728b)
Start importing Assets/TIles/SPA_Background brown tint_9.asset using Guid(fd7d0f2d70feb0c408617dd456286495) Importer(815301076,1909f56bfc062723c751e8b465ee728b)  -> (artifact id: '23ff53972d6ea916b3a7040d278c483e') in 0.009230 seconds 
========================================================================
Received Import Request.
  Time since last request: 0.000058 seconds.
  path: Assets/TIles/SPA_Background brown tint_8.asset
  artifactKey: Guid(97650b3d11e3bfe419abc6852957bc29) Importer(815301076,1909f56bfc062723c751e8b465ee728b)
Start importing Assets/TIles/SPA_Background brown tint_8.asset using Guid(97650b3d11e3bfe419abc6852957bc29) Importer(815301076,1909f56bfc062723c751e8b465ee728b)  -> (artifact id: '3ffe1571a0c8da846c1881372b0acbae') in 0.012010 seconds 
========================================================================
Received Import Request.
  Time since last request: 0.000022 seconds.
  path: Assets/TIles/SPA_Background brown tint_4.asset
  artifactKey: Guid(9d38bec6c69226f4586d640363c14adf) Importer(815301076,1909f56bfc062723c751e8b465ee728b)
Start importing Assets/TIles/SPA_Background brown tint_4.asset using Guid(9d38bec6c69226f4586d640363c14adf) Importer(815301076,1909f56bfc062723c751e8b465ee728b)  -> (artifact id: 'd5270e5b9c862dafb94a6f02b21a279a') in 0.009387 seconds 
========================================================================
Received Import Request.
  Time since last request: 0.000024 seconds.
  path: Assets/TIles/SPA_Background brown tint_5.asset
  artifactKey: Guid(ae3eacf41b5187b4788d5a553a205567) Importer(815301076,1909f56bfc062723c751e8b465ee728b)
Start importing Assets/TIles/SPA_Background brown tint_5.asset using Guid(ae3eacf41b5187b4788d5a553a205567) Importer(815301076,1909f56bfc062723c751e8b465ee728b)  -> (artifact id: '2550d758408bbe563af1dfd29fcb2d5a') in 0.016130 seconds 
========================================================================
Received Import Request.
  Time since last request: 6.417383 seconds.
  path: Assets/TIles/SPA_Rock_Grass_Water_0.asset
  artifactKey: Guid(f747342f91892ab4db5efea0793813de) Importer(815301076,1909f56bfc062723c751e8b465ee728b)
Start importing Assets/TIles/SPA_Rock_Grass_Water_0.asset using Guid(f747342f91892ab4db5efea0793813de) Importer(815301076,1909f56bfc062723c751e8b465ee728b)  -> (artifact id: '547e1e5d6d31793e418c150412f0f091') in 0.008988 seconds 
========================================================================
Received Import Request.
  Time since last request: 0.000031 seconds.
  path: Assets/TIles/SPA_Rock_Grass_Water_8.asset
  artifactKey: Guid(5047a55507247064c995d1f532cb0fad) Importer(815301076,1909f56bfc062723c751e8b465ee728b)
Start importing Assets/TIles/SPA_Rock_Grass_Water_8.asset using Guid(5047a55507247064c995d1f532cb0fad) Importer(815301076,1909f56bfc062723c751e8b465ee728b)  -> (artifact id: 'e1a3feeb48d63b815c373a96fd558414') in 0.012001 seconds 
========================================================================
Received Import Request.
  Time since last request: 0.000076 seconds.
  path: Assets/TIles/SPA_Rock_Grass_Water_12.asset
  artifactKey: Guid(3a58da1a3f3412d4b9427be1cb19e786) Importer(815301076,1909f56bfc062723c751e8b465ee728b)
Start importing Assets/TIles/SPA_Rock_Grass_Water_12.asset using Guid(3a58da1a3f3412d4b9427be1cb19e786) Importer(815301076,1909f56bfc062723c751e8b465ee728b)  -> (artifact id: 'b5997df1770ea9c59b699f228aa4f0d8') in 0.011933 seconds 
========================================================================
Received Import Request.
  Time since last request: 0.000018 seconds.
  path: Assets/TIles/SPA_Rock_Grass_Water_1.asset
  artifactKey: Guid(4072c7f1d0537104286e78d59f857932) Importer(815301076,1909f56bfc062723c751e8b465ee728b)
Start importing Assets/TIles/SPA_Rock_Grass_Water_1.asset using Guid(4072c7f1d0537104286e78d59f857932) Importer(815301076,1909f56bfc062723c751e8b465ee728b)  -> (artifact id: 'a31924d18cb8092afd1b53a890e69d10') in 0.010847 seconds 
========================================================================
Received Import Request.
  Time since last request: 0.000030 seconds.
  path: Assets/TIles/SPA_Rock_Grass_Water_7.asset
  artifactKey: Guid(75220bd53ca2442488b6ae5c8d7e0eb1) Importer(815301076,1909f56bfc062723c751e8b465ee728b)
Start importing Assets/TIles/SPA_Rock_Grass_Water_7.asset using Guid(75220bd53ca2442488b6ae5c8d7e0eb1) Importer(815301076,1909f56bfc062723c751e8b465ee728b)  -> (artifact id: '0555579208417c2b3ec1ca29b9bcba33') in 0.012726 seconds 
========================================================================
Received Import Request.
  Time since last request: 0.000017 seconds.
  path: Assets/TIles/SPA_Rock_Grass_Water_10.asset
  artifactKey: Guid(eb8f219b8f116c141b97b65251a059c7) Importer(815301076,1909f56bfc062723c751e8b465ee728b)
Start importing Assets/TIles/SPA_Rock_Grass_Water_10.asset using Guid(eb8f219b8f116c141b97b65251a059c7) Importer(815301076,1909f56bfc062723c751e8b465ee728b)  -> (artifact id: '9409506fd734a39b666d5f1d78e464c3') in 0.014861 seconds 
========================================================================
Received Import Request.
  Time since last request: 0.000138 seconds.
  path: Assets/TIles/SPA_Rock_Grass_Water_11.asset
  artifactKey: Guid(6bbb40c63b6c9a142a04a805383b281c) Importer(815301076,1909f56bfc062723c751e8b465ee728b)
Start importing Assets/TIles/SPA_Rock_Grass_Water_11.asset using Guid(6bbb40c63b6c9a142a04a805383b281c) Importer(815301076,1909f56bfc062723c751e8b465ee728b)  -> (artifact id: 'c3a75f44768eb842b2507d51a6d9e360') in 0.011539 seconds 
========================================================================
Received Import Request.
  Time since last request: 0.000026 seconds.
  path: Assets/TIles/SPA_Rock_Grass_Water_2.asset
  artifactKey: Guid(641ac51c088a63e419ba75ab9aacf318) Importer(815301076,1909f56bfc062723c751e8b465ee728b)
Start importing Assets/TIles/SPA_Rock_Grass_Water_2.asset using Guid(641ac51c088a63e419ba75ab9aacf318) Importer(815301076,1909f56bfc062723c751e8b465ee728b)  -> (artifact id: '3a990e808287ffc98a53a6980a3797a4') in 0.008304 seconds 
========================================================================
Received Import Request.
  Time since last request: 53.369406 seconds.
  path: Assets/TIles/SPA_Rock_Grass_Water_14.asset
  artifactKey: Guid(75a759d1de93c4748beb5a4588252825) Importer(815301076,1909f56bfc062723c751e8b465ee728b)
Start importing Assets/TIles/SPA_Rock_Grass_Water_14.asset using Guid(75a759d1de93c4748beb5a4588252825) Importer(815301076,1909f56bfc062723c751e8b465ee728b)  -> (artifact id: '4208bd51777120db1c097ca528b2cad1') in 0.036093 seconds 
========================================================================
Received Import Request.
  Time since last request: 0.000042 seconds.
  path: Assets/TIles/SPA_Rock_Grass_Water_27.asset
  artifactKey: Guid(cdd99f84cd62db343ad9944e612498ed) Importer(815301076,1909f56bfc062723c751e8b465ee728b)
Start importing Assets/TIles/SPA_Rock_Grass_Water_27.asset using Guid(cdd99f84cd62db343ad9944e612498ed) Importer(815301076,1909f56bfc062723c751e8b465ee728b)  -> (artifact id: '4d3a80f5407766340b7e8f2291ea2511') in 0.018834 seconds 
========================================================================
Received Import Request.
  Time since last request: 0.000049 seconds.
  path: Assets/TIles/SPA_Rock_Grass_Water_18.asset
  artifactKey: Guid(34ac6cb031bb7ca45928997706ec7156) Importer(815301076,1909f56bfc062723c751e8b465ee728b)
Start importing Assets/TIles/SPA_Rock_Grass_Water_18.asset using Guid(34ac6cb031bb7ca45928997706ec7156) Importer(815301076,1909f56bfc062723c751e8b465ee728b)  -> (artifact id: 'f270cf4f53e21d72885adbb56d0ff863') in 0.009668 seconds 
========================================================================
Received Import Request.
  Time since last request: 0.000051 seconds.
  path: Assets/TIles/WorldBuilding.prefab
  artifactKey: Guid(a3d5bf12c81bfac42b2c575849b95ed3) Importer(815301076,1909f56bfc062723c751e8b465ee728b)
Start importing Assets/TIles/WorldBuilding.prefab using Guid(a3d5bf12c81bfac42b2c575849b95ed3) Importer(815301076,1909f56bfc062723c751e8b465ee728b)  -> (artifact id: '76aee1425a41d297d2a5f4fb2ad6f19e') in 0.066107 seconds 
========================================================================
Received Import Request.
  Time since last request: 0.000065 seconds.
  path: Assets/TIles/SPA_Rock_Grass_Water_26.asset
  artifactKey: Guid(bce966e6dc4c13b44973aca3512f9b10) Importer(815301076,1909f56bfc062723c751e8b465ee728b)
Start importing Assets/TIles/SPA_Rock_Grass_Water_26.asset using Guid(bce966e6dc4c13b44973aca3512f9b10) Importer(815301076,1909f56bfc062723c751e8b465ee728b)  -> (artifact id: '92a0e855eaa76ee60f71e1780edc1179') in 0.019132 seconds 
========================================================================
Received Import Request.
  Time since last request: 0.000025 seconds.
  path: Assets/TIles/SPA_Rock_Grass_Water_16.asset
  artifactKey: Guid(26b7577b720ac254ab46cd87e9b3f248) Importer(815301076,1909f56bfc062723c751e8b465ee728b)
Start importing Assets/TIles/SPA_Rock_Grass_Water_16.asset using Guid(26b7577b720ac254ab46cd87e9b3f248) Importer(815301076,1909f56bfc062723c751e8b465ee728b)  -> (artifact id: 'eaf57e8033c80d3ab1afd1f93c5fba2a') in 0.019399 seconds 
========================================================================
Received Import Request.
  Time since last request: 0.000098 seconds.
  path: Assets/TIles/SPA_Rock_Grass_Water_19.asset
  artifactKey: Guid(fc3a11bed3bb28e40b101614c133516d) Importer(815301076,1909f56bfc062723c751e8b465ee728b)
Start importing Assets/TIles/SPA_Rock_Grass_Water_19.asset using Guid(fc3a11bed3bb28e40b101614c133516d) Importer(815301076,1909f56bfc062723c751e8b465ee728b)  -> (artifact id: '0a7d4436d449b96f6d984cc2048d98b2') in 0.009344 seconds 
========================================================================
Received Import Request.
  Time since last request: 0.000157 seconds.
  path: Assets/TIles/SPA_Rock_Grass_Water_15.asset
  artifactKey: Guid(7891ef810939c6247abf75a2c3a7ebc6) Importer(815301076,1909f56bfc062723c751e8b465ee728b)
Start importing Assets/TIles/SPA_Rock_Grass_Water_15.asset using Guid(7891ef810939c6247abf75a2c3a7ebc6) Importer(815301076,1909f56bfc062723c751e8b465ee728b)  -> (artifact id: 'c48dd3fafbe3326320abd867e460e1de') in 0.009411 seconds 
========================================================================
Received Import Request.
  Time since last request: 0.000039 seconds.
  path: Assets/TIles/SPA_Rock_Grass_Water_17.asset
  artifactKey: Guid(73b624a9110c3a64486bfc61b2005b48) Importer(815301076,1909f56bfc062723c751e8b465ee728b)
Start importing Assets/TIles/SPA_Rock_Grass_Water_17.asset using Guid(73b624a9110c3a64486bfc61b2005b48) Importer(815301076,1909f56bfc062723c751e8b465ee728b)  -> (artifact id: '69f67d242c3bf1c45fc9956b36f00e47') in 0.013099 seconds 
========================================================================
Received Import Request.
  Time since last request: 977.001928 seconds.
  path: Assets/TIles/WorldBuilding.prefab
  artifactKey: Guid(a3d5bf12c81bfac42b2c575849b95ed3) Importer(815301076,1909f56bfc062723c751e8b465ee728b)
Start importing Assets/TIles/WorldBuilding.prefab using Guid(a3d5bf12c81bfac42b2c575849b95ed3) Importer(815301076,1909f56bfc062723c751e8b465ee728b)  -> (artifact id: '2b8db729b54e03cd3332d71308dc2360') in 0.047582 seconds 
========================================================================
Received Import Request.
  Time since last request: 96.957678 seconds.
  path: Packages/com.unity.collab-proxy/Editor/PlasticSCM/Assets/Images/buttonssosigninemail@2x.png
  artifactKey: Guid(ddf2e76e8a1f88f46ae1e42277850b48) Importer(815301076,1909f56bfc062723c751e8b465ee728b)
Start importing Packages/com.unity.collab-proxy/Editor/PlasticSCM/Assets/Images/buttonssosigninemail@2x.png using Guid(ddf2e76e8a1f88f46ae1e42277850b48) Importer(815301076,1909f56bfc062723c751e8b465ee728b)  -> (artifact id: '4e4b9c9e3f2a16254b822fe52079357a') in 0.160842 seconds 
========================================================================
Received Import Request.
  Time since last request: 0.000049 seconds.
  path: Packages/com.unity.collab-proxy/Editor/PlasticSCM/Assets/Images/d_buttonssosigninemail@2x.png
  artifactKey: Guid(144aa74618b85974a9a50f612c2fa8fd) Importer(815301076,1909f56bfc062723c751e8b465ee728b)
Start importing Packages/com.unity.collab-proxy/Editor/PlasticSCM/Assets/Images/d_buttonssosigninemail@2x.png using Guid(144aa74618b85974a9a50f612c2fa8fd) Importer(815301076,1909f56bfc062723c751e8b465ee728b)  -> (artifact id: '083c6ba0de31e57d72c986bd79fd12b7') in 0.042739 seconds 
========================================================================
Received Import Request.
  Time since last request: 0.000043 seconds.
  path: Packages/com.unity.collab-proxy/Editor/PlasticSCM/Assets/Images/buttonssosigninunity.png
  artifactKey: Guid(f9161c6c9e06dc445ada3ee16d991f90) Importer(815301076,1909f56bfc062723c751e8b465ee728b)
Start importing Packages/com.unity.collab-proxy/Editor/PlasticSCM/Assets/Images/buttonssosigninunity.png using Guid(f9161c6c9e06dc445ada3ee16d991f90) Importer(815301076,1909f56bfc062723c751e8b465ee728b)  -> (artifact id: '309ffc3d38836294c257bb9ae4d19797') in 0.065003 seconds 
========================================================================
Received Import Request.
  Time since last request: 0.000031 seconds.
  path: Packages/com.unity.collab-proxy/Editor/PlasticSCM/Assets/Images/d_cloudbuhochristmas.png
  artifactKey: Guid(70632ddfe8e71b04b8f90ef7e29a9e98) Importer(815301076,1909f56bfc062723c751e8b465ee728b)
Start importing Packages/com.unity.collab-proxy/Editor/PlasticSCM/Assets/Images/d_cloudbuhochristmas.png using Guid(70632ddfe8e71b04b8f90ef7e29a9e98) Importer(815301076,1909f56bfc062723c751e8b465ee728b)  -> (artifact id: 'bec79cd0e5eabb3d8cb16d275613b4ab') in 0.144206 seconds 
========================================================================
Received Import Request.
  Time since last request: 0.767716 seconds.
  path: Packages/com.unity.collab-proxy/Editor/PlasticSCM/Assets/Images/d_colorbuhochristmas.png
  artifactKey: Guid(fd098fb4cf57bad419701c802e442b7e) Importer(815301076,1909f56bfc062723c751e8b465ee728b)
Start importing Packages/com.unity.collab-proxy/Editor/PlasticSCM/Assets/Images/d_colorbuhochristmas.png using Guid(fd098fb4cf57bad419701c802e442b7e) Importer(815301076,1909f56bfc062723c751e8b465ee728b)  -> (artifact id: '2da47d70052d43fd941e2f1b2c2156c6') in 0.138395 seconds 
========================================================================
Received Import Request.
  Time since last request: 0.000027 seconds.
  path: Packages/com.unity.collab-proxy/Editor/PlasticSCM/Assets/Images/d_colorbuhoshe.png
  artifactKey: Guid(a04ecc9d5e12d5d449077414eb86635e) Importer(815301076,1909f56bfc062723c751e8b465ee728b)
Start importing Packages/com.unity.collab-proxy/Editor/PlasticSCM/Assets/Images/d_colorbuhoshe.png using Guid(a04ecc9d5e12d5d449077414eb86635e) Importer(815301076,1909f56bfc062723c751e8b465ee728b)  -> (artifact id: 'ddb0a7e48fd6352e5fdfcd5c3dab83fb') in 0.053062 seconds 
========================================================================
Received Import Request.
  Time since last request: 0.000039 seconds.
  path: Packages/com.unity.collab-proxy/Editor/PlasticSCM/Assets/Images/d_colorbuhoshechristmas.png
  artifactKey: Guid(ec03f79379868c642b48ae5ddc821b6d) Importer(815301076,1909f56bfc062723c751e8b465ee728b)
Start importing Packages/com.unity.collab-proxy/Editor/PlasticSCM/Assets/Images/d_colorbuhoshechristmas.png using Guid(ec03f79379868c642b48ae5ddc821b6d) Importer(815301076,1909f56bfc062723c751e8b465ee728b)  -> (artifact id: '69bafe441c2597545c96ea6bc76d3130') in 0.064764 seconds 
========================================================================
Received Import Request.
  Time since last request: 0.144326 seconds.
  path: Packages/com.unity.collab-proxy/Editor/PlasticSCM/Assets/Images/d_expertbuhochristmas.png
  artifactKey: Guid(c887ed2a931c29040bc544cd8c546e9f) Importer(815301076,1909f56bfc062723c751e8b465ee728b)
Start importing Packages/com.unity.collab-proxy/Editor/PlasticSCM/Assets/Images/d_expertbuhochristmas.png using Guid(c887ed2a931c29040bc544cd8c546e9f) Importer(815301076,1909f56bfc062723c751e8b465ee728b)  -> (artifact id: 'dbd5b4ca588ed682988b4351efa5146d') in 0.069483 seconds 
========================================================================
Received Import Request.
  Time since last request: 0.000019 seconds.
  path: Packages/com.unity.collab-proxy/Editor/PlasticSCM/Assets/Images/d_expertbuhoshe.png
  artifactKey: Guid(8325d4ef0a6eb3d43952aff8a06d9f45) Importer(815301076,1909f56bfc062723c751e8b465ee728b)
Start importing Packages/com.unity.collab-proxy/Editor/PlasticSCM/Assets/Images/d_expertbuhoshe.png using Guid(8325d4ef0a6eb3d43952aff8a06d9f45) Importer(815301076,1909f56bfc062723c751e8b465ee728b)  -> (artifact id: 'f4758bad15f41b3a3b94cc358bca23dc') in 0.078515 seconds 
========================================================================
Received Import Request.
  Time since last request: 0.000027 seconds.
  path: Packages/com.unity.collab-proxy/Editor/PlasticSCM/Assets/Images/d_genericbuhochristmas1.png
  artifactKey: Guid(e36d1a38d7aa309409e80bf66a089330) Importer(815301076,1909f56bfc062723c751e8b465ee728b)
Start importing Packages/com.unity.collab-proxy/Editor/PlasticSCM/Assets/Images/d_genericbuhochristmas1.png using Guid(e36d1a38d7aa309409e80bf66a089330) Importer(815301076,1909f56bfc062723c751e8b465ee728b)  -> (artifact id: 'a9bd92f12c29c8e8b57afbefe332e59a') in 0.045602 seconds 
========================================================================
Received Import Request.
  Time since last request: 0.000034 seconds.
  path: Packages/com.unity.collab-proxy/Editor/PlasticSCM/Assets/Images/d_genericbuho3.png
  artifactKey: Guid(9e9474494461bd048803b48e391ef0f6) Importer(815301076,1909f56bfc062723c751e8b465ee728b)
Start importing Packages/com.unity.collab-proxy/Editor/PlasticSCM/Assets/Images/d_genericbuho3.png using Guid(9e9474494461bd048803b48e391ef0f6) Importer(815301076,1909f56bfc062723c751e8b465ee728b)  -> (artifact id: '30247ad07739fa550b2ad328db821c52') in 0.185208 seconds 
========================================================================
Received Import Request.
  Time since last request: 0.000027 seconds.
  path: Packages/com.unity.collab-proxy/Editor/PlasticSCM/Assets/Images/d_genericbuhoshe1.png
  artifactKey: Guid(f2901efd8bb16bc408ad37f017fbf9bc) Importer(815301076,1909f56bfc062723c751e8b465ee728b)
Start importing Packages/com.unity.collab-proxy/Editor/PlasticSCM/Assets/Images/d_genericbuhoshe1.png using Guid(f2901efd8bb16bc408ad37f017fbf9bc) Importer(815301076,1909f56bfc062723c751e8b465ee728b)  -> (artifact id: '6aa77780a065cbb8e1bf623b3cd1b54a') in 0.057093 seconds 
========================================================================
Received Import Request.
  Time since last request: 0.000031 seconds.
  path: Packages/com.unity.collab-proxy/Editor/PlasticSCM/Assets/Images/d_genericbuhoshe2.png
  artifactKey: Guid(17035c204825f6340a252046ab6476fd) Importer(815301076,1909f56bfc062723c751e8b465ee728b)
Start importing Packages/com.unity.collab-proxy/Editor/PlasticSCM/Assets/Images/d_genericbuhoshe2.png using Guid(17035c204825f6340a252046ab6476fd) Importer(815301076,1909f56bfc062723c751e8b465ee728b)  -> (artifact id: 'd1971455f9c5695e7e75572cc766db39') in 0.077960 seconds 
========================================================================
Received Import Request.
  Time since last request: 0.000103 seconds.
  path: Packages/com.unity.collab-proxy/Editor/PlasticSCM/Assets/Images/d_genericbuho1.png
  artifactKey: Guid(43ad51e043491b94d8f6c62d55ac5ede) Importer(815301076,1909f56bfc062723c751e8b465ee728b)
Start importing Packages/com.unity.collab-proxy/Editor/PlasticSCM/Assets/Images/d_genericbuho1.png using Guid(43ad51e043491b94d8f6c62d55ac5ede) Importer(815301076,1909f56bfc062723c751e8b465ee728b)  -> (artifact id: '8ac3e93778a405382fa80b8a7499dabe') in 0.147091 seconds 
========================================================================
Received Import Request.
  Time since last request: 0.000066 seconds.
  path: Packages/com.unity.collab-proxy/Editor/PlasticSCM/Assets/Images/d_genericbuhoshechristmas1.png
  artifactKey: Guid(d98fbe17966d8ef449b25b99024bf36f) Importer(815301076,1909f56bfc062723c751e8b465ee728b)
Start importing Packages/com.unity.collab-proxy/Editor/PlasticSCM/Assets/Images/d_genericbuhoshechristmas1.png using Guid(d98fbe17966d8ef449b25b99024bf36f) Importer(815301076,1909f56bfc062723c751e8b465ee728b)  -> (artifact id: '18999f89bfbda4e2508ef87e93863181') in 0.118436 seconds 
========================================================================
Received Import Request.
  Time since last request: 0.000054 seconds.
  path: Packages/com.unity.collab-proxy/Editor/PlasticSCM/Assets/Images/d_iconbranch.png
  artifactKey: Guid(612c5e166a121e3449dad067fbdc37a4) Importer(815301076,1909f56bfc062723c751e8b465ee728b)
Start importing Packages/com.unity.collab-proxy/Editor/PlasticSCM/Assets/Images/d_iconbranch.png using Guid(612c5e166a121e3449dad067fbdc37a4) Importer(815301076,1909f56bfc062723c751e8b465ee728b)  -> (artifact id: '30cb1d55db89fd9dc0260171afc29181') in 0.033953 seconds 
========================================================================
Received Import Request.
  Time since last request: 0.000060 seconds.
  path: Packages/com.unity.collab-proxy/Editor/PlasticSCM/Assets/Images/d_iconconflicted.png
  artifactKey: Guid(881798b77426a8f47b533dcc4767e9e5) Importer(815301076,1909f56bfc062723c751e8b465ee728b)
Start importing Packages/com.unity.collab-proxy/Editor/PlasticSCM/Assets/Images/d_iconconflicted.png using Guid(881798b77426a8f47b533dcc4767e9e5) Importer(815301076,1909f56bfc062723c751e8b465ee728b)  -> (artifact id: 'e1414f0743958a12377f452bef53613a') in 0.025837 seconds 
========================================================================
Received Import Request.
  Time since last request: 0.000020 seconds.
  path: Packages/com.unity.collab-proxy/Editor/PlasticSCM/Assets/Images/d_iconcheckedoutlocaloverlay.png
  artifactKey: Guid(bb1928aff4fd4cf44af1f629dc14ef9b) Importer(815301076,1909f56bfc062723c751e8b465ee728b)
Start importing Packages/com.unity.collab-proxy/Editor/PlasticSCM/Assets/Images/d_iconcheckedoutlocaloverlay.png using Guid(bb1928aff4fd4cf44af1f629dc14ef9b) Importer(815301076,1909f56bfc062723c751e8b465ee728b)  -> (artifact id: 'e26e1a017f7a0e0afde1241f1ea1950b') in 0.053957 seconds 
========================================================================
Received Import Request.
  Time since last request: 0.000023 seconds.
  path: Packages/com.unity.collab-proxy/Editor/PlasticSCM/Assets/Images/d_iconbranch@2x.png
  artifactKey: Guid(874d8401331ede14087e8d8d486ddda6) Importer(815301076,1909f56bfc062723c751e8b465ee728b)
Start importing Packages/com.unity.collab-proxy/Editor/PlasticSCM/Assets/Images/d_iconbranch@2x.png using Guid(874d8401331ede14087e8d8d486ddda6) Importer(815301076,1909f56bfc062723c751e8b465ee728b)  -> (artifact id: '5a632e9c3bc7291f0f47d573819201a5') in 0.098840 seconds 
========================================================================
Received Import Request.
  Time since last request: 0.000028 seconds.
  path: Packages/com.unity.collab-proxy/Editor/PlasticSCM/Assets/Images/d_iconconflictedoverlay.png
  artifactKey: Guid(a892bcc7ae1871447926b3c44d158763) Importer(815301076,1909f56bfc062723c751e8b465ee728b)
Start importing Packages/com.unity.collab-proxy/Editor/PlasticSCM/Assets/Images/d_iconconflictedoverlay.png using Guid(a892bcc7ae1871447926b3c44d158763) Importer(815301076,1909f56bfc062723c751e8b465ee728b)  -> (artifact id: '5598f37117f63efc9a9363e88b4bdf61') in 0.072411 seconds 
========================================================================
Received Import Request.
  Time since last request: 0.000076 seconds.
  path: Packages/com.unity.collab-proxy/Editor/PlasticSCM/Assets/Images/d_icondeletedremoteoverlay.png
  artifactKey: Guid(3de8a0634e55df8499c88204001cb0dd) Importer(815301076,1909f56bfc062723c751e8b465ee728b)
Start importing Packages/com.unity.collab-proxy/Editor/PlasticSCM/Assets/Images/d_icondeletedremoteoverlay.png using Guid(3de8a0634e55df8499c88204001cb0dd) Importer(815301076,1909f56bfc062723c751e8b465ee728b)  -> (artifact id: '4dce3776018d47960f2616e71097e85f') in 0.081164 seconds 
========================================================================
Received Import Request.
  Time since last request: 0.000020 seconds.
  path: Packages/com.unity.collab-proxy/Editor/PlasticSCM/Assets/Images/d_iconconflictresolvedoverlay.png
  artifactKey: Guid(056ee72c467a4e24d87541d42839ca72) Importer(815301076,1909f56bfc062723c751e8b465ee728b)
Start importing Packages/com.unity.collab-proxy/Editor/PlasticSCM/Assets/Images/d_iconconflictresolvedoverlay.png using Guid(056ee72c467a4e24d87541d42839ca72) Importer(815301076,1909f56bfc062723c751e8b465ee728b)  -> (artifact id: '9707028aac2747b6bf70750a8c120d84') in 0.058644 seconds 
========================================================================
Received Import Request.
  Time since last request: 0.000076 seconds.
  path: Packages/com.unity.collab-proxy/Editor/PlasticSCM/Assets/Images/d_iconconflictresolvedoverlay@2x.png
  artifactKey: Guid(4a231ba0e81e63849a8f985c228e8acd) Importer(815301076,1909f56bfc062723c751e8b465ee728b)
Start importing Packages/com.unity.collab-proxy/Editor/PlasticSCM/Assets/Images/d_iconconflictresolvedoverlay@2x.png using Guid(4a231ba0e81e63849a8f985c228e8acd) Importer(815301076,1909f56bfc062723c751e8b465ee728b)  -> (artifact id: '0414f91c475414baddce87e91a239189') in 0.047834 seconds 
========================================================================
Received Import Request.
  Time since last request: 0.000080 seconds.
  path: Packages/com.unity.collab-proxy/Editor/PlasticSCM/Assets/Images/d_genericbuhoshechristmas3.png
  artifactKey: Guid(f8c9467a892580344bb697526dac0d13) Importer(815301076,1909f56bfc062723c751e8b465ee728b)
Start importing Packages/com.unity.collab-proxy/Editor/PlasticSCM/Assets/Images/d_genericbuhoshechristmas3.png using Guid(f8c9467a892580344bb697526dac0d13) Importer(815301076,1909f56bfc062723c751e8b465ee728b)  -> (artifact id: 'a982f6f1663bede1d53ccfd66386b558') in 0.220588 seconds 
========================================================================
Received Import Request.
  Time since last request: 0.000032 seconds.
  path: Packages/com.unity.collab-proxy/Editor/PlasticSCM/Assets/Images/d_iconlockedlocaloverlay@2x.png
  artifactKey: Guid(ae53a7884da90e94eb5dfeab594b746c) Importer(815301076,1909f56bfc062723c751e8b465ee728b)
Start importing Packages/com.unity.collab-proxy/Editor/PlasticSCM/Assets/Images/d_iconlockedlocaloverlay@2x.png using Guid(ae53a7884da90e94eb5dfeab594b746c) Importer(815301076,1909f56bfc062723c751e8b465ee728b)  -> (artifact id: '97390e98481a010d0d773262d3316299') in 0.048861 seconds 
========================================================================
Received Import Request.
  Time since last request: 0.000067 seconds.
  path: Packages/com.unity.collab-proxy/Editor/PlasticSCM/Assets/Images/d_iconlockedremoteoverlay.png
  artifactKey: Guid(1046ed65e6aaffb4391378f6d08d6c14) Importer(815301076,1909f56bfc062723c751e8b465ee728b)
Start importing Packages/com.unity.collab-proxy/Editor/PlasticSCM/Assets/Images/d_iconlockedremoteoverlay.png using Guid(1046ed65e6aaffb4391378f6d08d6c14) Importer(815301076,1909f56bfc062723c751e8b465ee728b)  -> (artifact id: '35c77bf1af1bc2e852ae34d76ce75abf') in 0.067385 seconds 
========================================================================
Received Import Request.
  Time since last request: 0.000039 seconds.
  path: Packages/com.unity.collab-proxy/Editor/PlasticSCM/Assets/Images/d_iconemptygravatar.png
  artifactKey: Guid(9aebd705574f9e642aef1e5f59b3e4d8) Importer(815301076,1909f56bfc062723c751e8b465ee728b)
Start importing Packages/com.unity.collab-proxy/Editor/PlasticSCM/Assets/Images/d_iconemptygravatar.png using Guid(9aebd705574f9e642aef1e5f59b3e4d8) Importer(815301076,1909f56bfc062723c751e8b465ee728b)  -> (artifact id: '2c1a107584d349a9de3ae561c210f57d') in 0.052739 seconds 
========================================================================
Received Import Request.
  Time since last request: 0.000025 seconds.
  path: Packages/com.unity.collab-proxy/Editor/PlasticSCM/Assets/Images/d_icondeletedremote.png
  artifactKey: Guid(23e66f7264c74424889342127f229577) Importer(815301076,1909f56bfc062723c751e8b465ee728b)
Start importing Packages/com.unity.collab-proxy/Editor/PlasticSCM/Assets/Images/d_icondeletedremote.png using Guid(23e66f7264c74424889342127f229577) Importer(815301076,1909f56bfc062723c751e8b465ee728b)  -> (artifact id: '7513c8f497576c1d573fdb4f47534378') in 0.054202 seconds 
========================================================================
Received Import Request.
  Time since last request: 0.000054 seconds.
  path: Packages/com.unity.collab-proxy/Editor/PlasticSCM/Assets/Images/d_iconplasticnotifyconflict.png
  artifactKey: Guid(51582ae5ea51fa14996791a550f89473) Importer(815301076,1909f56bfc062723c751e8b465ee728b)
Start importing Packages/com.unity.collab-proxy/Editor/PlasticSCM/Assets/Images/d_iconplasticnotifyconflict.png using Guid(51582ae5ea51fa14996791a550f89473) Importer(815301076,1909f56bfc062723c751e8b465ee728b)  -> (artifact id: '539ea18860a8545e13f31e2c5a836279') in 0.083920 seconds 
========================================================================
Received Import Request.
  Time since last request: 0.000031 seconds.
  path: Packages/com.unity.collab-proxy/Editor/PlasticSCM/Assets/Images/d_iconconflictedoverlay@2x.png
  artifactKey: Guid(a3ced8f7044b9de4787602a9e9b20ea7) Importer(815301076,1909f56bfc062723c751e8b465ee728b)
Start importing Packages/com.unity.collab-proxy/Editor/PlasticSCM/Assets/Images/d_iconconflictedoverlay@2x.png using Guid(a3ced8f7044b9de4787602a9e9b20ea7) Importer(815301076,1909f56bfc062723c751e8b465ee728b)  -> (artifact id: 'b1b626c26edad7ae839550aca475e54f') in 0.057215 seconds 
========================================================================
Received Import Request.
  Time since last request: 0.000057 seconds.
  path: Packages/com.unity.collab-proxy/Editor/PlasticSCM/Assets/Images/d_iconoutofsync.png
  artifactKey: Guid(0e80bd0b4a8196f46acf73711b9505ec) Importer(815301076,1909f56bfc062723c751e8b465ee728b)
Start importing Packages/com.unity.collab-proxy/Editor/PlasticSCM/Assets/Images/d_iconoutofsync.png using Guid(0e80bd0b4a8196f46acf73711b9505ec) Importer(815301076,1909f56bfc062723c751e8b465ee728b)  -> (artifact id: 'd4201d398f60c3a1147dcf3ab5a82d60') in 0.039401 seconds 
========================================================================
Received Import Request.
  Time since last request: 0.000112 seconds.
  path: Packages/com.unity.collab-proxy/Editor/PlasticSCM/Assets/Images/d_iconplasticnotifyincoming@2x.png
  artifactKey: Guid(c5fc116b3271b5947808130b2212cd60) Importer(815301076,1909f56bfc062723c751e8b465ee728b)
Start importing Packages/com.unity.collab-proxy/Editor/PlasticSCM/Assets/Images/d_iconplasticnotifyincoming@2x.png using Guid(c5fc116b3271b5947808130b2212cd60) Importer(815301076,1909f56bfc062723c751e8b465ee728b)  -> (artifact id: '76dd79ab208d3de68c7c983e32e428a4') in 0.041403 seconds 
========================================================================
Received Import Request.
  Time since last request: 0.011732 seconds.
  path: Packages/com.unity.collab-proxy/Editor/PlasticSCM/Assets/Images/d_iconplasticviewnotify.png
  artifactKey: Guid(df7dbac99fae5444f92b497c52f0ecfb) Importer(815301076,1909f56bfc062723c751e8b465ee728b)
Start importing Packages/com.unity.collab-proxy/Editor/PlasticSCM/Assets/Images/d_iconplasticviewnotify.png using Guid(df7dbac99fae5444f92b497c52f0ecfb) Importer(815301076,1909f56bfc062723c751e8b465ee728b)  -> (artifact id: '835adf383aeebb098d829c01cb99a772') in 0.086733 seconds 
========================================================================
Received Import Request.
  Time since last request: 0.000053 seconds.
  path: Packages/com.unity.collab-proxy/Editor/PlasticSCM/Assets/Images/d_iconplasticviewnotify@2x.png
  artifactKey: Guid(64eb0648ca0d11944a9517d8662508fd) Importer(815301076,1909f56bfc062723c751e8b465ee728b)
Start importing Packages/com.unity.collab-proxy/Editor/PlasticSCM/Assets/Images/d_iconplasticviewnotify@2x.png using Guid(64eb0648ca0d11944a9517d8662508fd) Importer(815301076,1909f56bfc062723c751e8b465ee728b)  -> (artifact id: 'd067c865597808eea861e53c750548f7') in 0.053647 seconds 
========================================================================
Received Import Request.
  Time since last request: 0.000041 seconds.
  path: Packages/com.unity.collab-proxy/Editor/PlasticSCM/Assets/Images/d_iconplasticview.png
  artifactKey: Guid(519d97e745e55f041b609f3666cbc037) Importer(815301076,1909f56bfc062723c751e8b465ee728b)
Start importing Packages/com.unity.collab-proxy/Editor/PlasticSCM/Assets/Images/d_iconplasticview.png using Guid(519d97e745e55f041b609f3666cbc037) Importer(815301076,1909f56bfc062723c751e8b465ee728b)  -> (artifact id: 'fab00b548299030f5620590157c3b40d') in 0.043108 seconds 
========================================================================
Received Import Request.
  Time since last request: 0.000042 seconds.
  path: Packages/com.unity.collab-proxy/Editor/PlasticSCM/Assets/Images/d_ignoredoverlay@2x.png
  artifactKey: Guid(68fafd0a2acc3774988418f657bf7b68) Importer(815301076,1909f56bfc062723c751e8b465ee728b)
Start importing Packages/com.unity.collab-proxy/Editor/PlasticSCM/Assets/Images/d_ignoredoverlay@2x.png using Guid(68fafd0a2acc3774988418f657bf7b68) Importer(815301076,1909f56bfc062723c751e8b465ee728b)  -> (artifact id: '517fbacf122e0b8d40d78a1843f638bb') in 0.054338 seconds 
========================================================================
Received Import Request.
  Time since last request: 0.000160 seconds.
  path: Packages/com.unity.collab-proxy/Editor/PlasticSCM/Assets/Images/d_secondarytabclosehover@2x.png
  artifactKey: Guid(9aa4348290784b2468144a97eb15d8d7) Importer(815301076,1909f56bfc062723c751e8b465ee728b)
Start importing Packages/com.unity.collab-proxy/Editor/PlasticSCM/Assets/Images/d_secondarytabclosehover@2x.png using Guid(9aa4348290784b2468144a97eb15d8d7) Importer(815301076,1909f56bfc062723c751e8b465ee728b)  -> (artifact id: '82ce0c1475442ab265d2c60f0f2ed6d3') in 0.055685 seconds 
========================================================================
Received Import Request.
  Time since last request: 0.000024 seconds.
  path: Packages/com.unity.collab-proxy/Editor/PlasticSCM/Assets/Images/d_iconundo@2x.png
  artifactKey: Guid(6d6088174bb906b49ad8428526ee337b) Importer(815301076,1909f56bfc062723c751e8b465ee728b)
Start importing Packages/com.unity.collab-proxy/Editor/PlasticSCM/Assets/Images/d_iconundo@2x.png using Guid(6d6088174bb906b49ad8428526ee337b) Importer(815301076,1909f56bfc062723c751e8b465ee728b)  -> (artifact id: 'a82b5cc96b213ece596eb8cef0fbead3') in 0.030673 seconds 
========================================================================
Received Import Request.
  Time since last request: 0.000057 seconds.
  path: Packages/com.unity.collab-proxy/Editor/PlasticSCM/Assets/Images/d_step3.png
  artifactKey: Guid(46930b20180b59e46b73494adf53abbb) Importer(815301076,1909f56bfc062723c751e8b465ee728b)
Start importing Packages/com.unity.collab-proxy/Editor/PlasticSCM/Assets/Images/d_step3.png using Guid(46930b20180b59e46b73494adf53abbb) Importer(815301076,1909f56bfc062723c751e8b465ee728b)  -> (artifact id: '302ae01a3c324c4de8cf98aaaa015c4c') in 0.040084 seconds 
========================================================================
Received Import Request.
  Time since last request: 0.000029 seconds.
  path: Packages/com.unity.collab-proxy/Editor/PlasticSCM/Assets/Images/d_secondarytabclose.png
  artifactKey: Guid(6975ee4c1f40caf4da8dd733ee2cfeaf) Importer(815301076,1909f56bfc062723c751e8b465ee728b)
Start importing Packages/com.unity.collab-proxy/Editor/PlasticSCM/Assets/Images/d_secondarytabclose.png using Guid(6975ee4c1f40caf4da8dd733ee2cfeaf) Importer(815301076,1909f56bfc062723c751e8b465ee728b)  -> (artifact id: 'f220f93540bb4988e22de8253004d97f') in 0.034171 seconds 
========================================================================
Received Import Request.
  Time since last request: 0.000078 seconds.
  path: Packages/com.unity.collab-proxy/Editor/PlasticSCM/Assets/Images/d_refresh.png
  artifactKey: Guid(92b8c447daf4d4b41a0ec148d1091261) Importer(815301076,1909f56bfc062723c751e8b465ee728b)
Start importing Packages/com.unity.collab-proxy/Editor/PlasticSCM/Assets/Images/d_refresh.png using Guid(92b8c447daf4d4b41a0ec148d1091261) Importer(815301076,1909f56bfc062723c751e8b465ee728b)  -> (artifact id: 'b1fe24057b5faf240b5207ee74426501') in 0.040917 seconds 
========================================================================
Received Import Request.
  Time since last request: 0.000050 seconds.
  path: Packages/com.unity.collab-proxy/Editor/PlasticSCM/Assets/Images/d_iconprivateoverlay@2x.png
  artifactKey: Guid(7f854f490da24e54f9e8383e446b5d81) Importer(815301076,1909f56bfc062723c751e8b465ee728b)
Start importing Packages/com.unity.collab-proxy/Editor/PlasticSCM/Assets/Images/d_iconprivateoverlay@2x.png using Guid(7f854f490da24e54f9e8383e446b5d81) Importer(815301076,1909f56bfc062723c751e8b465ee728b)  -> (artifact id: '0504fde2675d922ef6f496428a1506ed') in 0.111185 seconds 
========================================================================
Received Import Request.
  Time since last request: 0.135777 seconds.
  path: Packages/com.unity.collab-proxy/Editor/PlasticSCM/Assets/Images/d_stepok.png
  artifactKey: Guid(be423a54b981d38428de82ad12534629) Importer(815301076,1909f56bfc062723c751e8b465ee728b)
Start importing Packages/com.unity.collab-proxy/Editor/PlasticSCM/Assets/Images/d_stepok.png using Guid(be423a54b981d38428de82ad12534629) Importer(815301076,1909f56bfc062723c751e8b465ee728b)  -> (artifact id: 'a0d1e1fc1fd69725266c49c2b4c14baa') in 0.058756 seconds 
========================================================================
Received Import Request.
  Time since last request: 0.000040 seconds.
  path: Packages/com.unity.collab-proxy/Editor/PlasticSCM/Assets/Images/d_stevejobsbuhoshechristmas.png
  artifactKey: Guid(f008857e434b98b4eaabda1fd6af3059) Importer(815301076,1909f56bfc062723c751e8b465ee728b)
Start importing Packages/com.unity.collab-proxy/Editor/PlasticSCM/Assets/Images/d_stevejobsbuhoshechristmas.png using Guid(f008857e434b98b4eaabda1fd6af3059) Importer(815301076,1909f56bfc062723c751e8b465ee728b)  -> (artifact id: '6778e7de40ea3bcd3157f8154f9eaaaa') in 0.118597 seconds 
========================================================================
Received Import Request.
  Time since last request: 0.000041 seconds.
  path: Packages/com.unity.collab-proxy/Editor/PlasticSCM/Assets/Images/d_stevejobsbuho.png
  artifactKey: Guid(e92527f6d0fe45342ab542b47346d45f) Importer(815301076,1909f56bfc062723c751e8b465ee728b)
Start importing Packages/com.unity.collab-proxy/Editor/PlasticSCM/Assets/Images/d_stevejobsbuho.png using Guid(e92527f6d0fe45342ab542b47346d45f) Importer(815301076,1909f56bfc062723c751e8b465ee728b)  -> (artifact id: 'a88d9e9bb8e7e67862cb02097a1a2237') in 0.054586 seconds 
========================================================================
Received Import Request.
  Time since last request: 0.000050 seconds.
  path: Packages/com.unity.collab-proxy/Editor/PlasticSCM/Assets/Images/d_stepok@2x.png
  artifactKey: Guid(3494dc956dfd7174abc07060940a2848) Importer(815301076,1909f56bfc062723c751e8b465ee728b)
Start importing Packages/com.unity.collab-proxy/Editor/PlasticSCM/Assets/Images/d_stepok@2x.png using Guid(3494dc956dfd7174abc07060940a2848) Importer(815301076,1909f56bfc062723c751e8b465ee728b)  -> (artifact id: 'bda85c85e17d269ca7016b7d7e649b60') in 0.037299 seconds 
========================================================================
Received Import Request.
  Time since last request: 0.000039 seconds.
  path: Packages/com.unity.collab-proxy/Editor/PlasticSCM/Assets/Images/iconaddedlocal.png
  artifactKey: Guid(9a1ab8af8c446204e989a90f18305caf) Importer(815301076,1909f56bfc062723c751e8b465ee728b)
Start importing Packages/com.unity.collab-proxy/Editor/PlasticSCM/Assets/Images/iconaddedlocal.png using Guid(9a1ab8af8c446204e989a90f18305caf) Importer(815301076,1909f56bfc062723c751e8b465ee728b)  -> (artifact id: '165faa3b17f24599d6726b45a0f149a9') in 0.035726 seconds 
========================================================================
Received Import Request.
  Time since last request: 0.014447 seconds.
  path: Packages/com.unity.collab-proxy/Editor/PlasticSCM/Assets/Images/iconcheckedoutlocaloverlay@2x.png
  artifactKey: Guid(3999034958d54364da380a8839a11050) Importer(815301076,1909f56bfc062723c751e8b465ee728b)
Start importing Packages/com.unity.collab-proxy/Editor/PlasticSCM/Assets/Images/iconcheckedoutlocaloverlay@2x.png using Guid(3999034958d54364da380a8839a11050) Importer(815301076,1909f56bfc062723c751e8b465ee728b)  -> (artifact id: '1dfc94f1ae77a9ed1020f248c0363cea') in 0.121971 seconds 
========================================================================
Received Import Request.
  Time since last request: 0.000036 seconds.
  path: Packages/com.unity.collab-proxy/Editor/PlasticSCM/Assets/Images/iconconflictedoverlay.png
  artifactKey: Guid(d25a8ffe41f199d4c8f355d2de2d19e0) Importer(815301076,1909f56bfc062723c751e8b465ee728b)
Start importing Packages/com.unity.collab-proxy/Editor/PlasticSCM/Assets/Images/iconconflictedoverlay.png using Guid(d25a8ffe41f199d4c8f355d2de2d19e0) Importer(815301076,1909f56bfc062723c751e8b465ee728b)  -> (artifact id: '7480a9af436af4f232bbfa717aedd3dc') in 0.040768 seconds 
========================================================================
Received Import Request.
  Time since last request: 0.000090 seconds.
  path: Packages/com.unity.collab-proxy/Editor/PlasticSCM/Assets/Images/iconclosebutton.png
  artifactKey: Guid(13527793884104b46b7446fd7464c3ed) Importer(815301076,1909f56bfc062723c751e8b465ee728b)
Start importing Packages/com.unity.collab-proxy/Editor/PlasticSCM/Assets/Images/iconclosebutton.png using Guid(13527793884104b46b7446fd7464c3ed) Importer(815301076,1909f56bfc062723c751e8b465ee728b)  -> (artifact id: '17a40868e88afebec7dc2ae36a00c638') in 0.087289 seconds 
========================================================================
Received Import Request.
  Time since last request: 0.000045 seconds.
  path: Packages/com.unity.collab-proxy/Editor/PlasticSCM/Assets/Images/iconbranch@2x.png
  artifactKey: Guid(e45389a8a97044d4caf408f252370632) Importer(815301076,1909f56bfc062723c751e8b465ee728b)
Start importing Packages/com.unity.collab-proxy/Editor/PlasticSCM/Assets/Images/iconbranch@2x.png using Guid(e45389a8a97044d4caf408f252370632) Importer(815301076,1909f56bfc062723c751e8b465ee728b)  -> (artifact id: '96f90300ac8b0ad45bdb1d26ec381073') in 0.030475 seconds 
========================================================================
Received Import Request.
  Time since last request: 0.000032 seconds.
  path: Packages/com.unity.collab-proxy/Editor/PlasticSCM/Assets/Images/iconbranch.png
  artifactKey: Guid(a6219d44b6fc910449f7c3fee45db5c5) Importer(815301076,1909f56bfc062723c751e8b465ee728b)
Start importing Packages/com.unity.collab-proxy/Editor/PlasticSCM/Assets/Images/iconbranch.png using Guid(a6219d44b6fc910449f7c3fee45db5c5) Importer(815301076,1909f56bfc062723c751e8b465ee728b)  -> (artifact id: '9cd957578d564dd161e1b6b4c6b5ee72') in 0.042080 seconds 
========================================================================
Received Import Request.
  Time since last request: 0.017239 seconds.
  path: Packages/com.unity.collab-proxy/Editor/PlasticSCM/Assets/Images/iconconflictresolvedoverlay.png
  artifactKey: Guid(0a78c2b019ae1e5448f50d83adcfd965) Importer(815301076,1909f56bfc062723c751e8b465ee728b)
Start importing Packages/com.unity.collab-proxy/Editor/PlasticSCM/Assets/Images/iconconflictresolvedoverlay.png using Guid(0a78c2b019ae1e5448f50d83adcfd965) Importer(815301076,1909f56bfc062723c751e8b465ee728b)  -> (artifact id: 'd8544b96746ca194957843c30a2f3c9e') in 0.046277 seconds 
========================================================================
Received Import Request.
  Time since last request: 0.000021 seconds.
  path: Packages/com.unity.collab-proxy/Editor/PlasticSCM/Assets/Images/icondeleted.png
  artifactKey: Guid(77a39e873655d3c4b93d0b7696397b83) Importer(815301076,1909f56bfc062723c751e8b465ee728b)
Start importing Packages/com.unity.collab-proxy/Editor/PlasticSCM/Assets/Images/icondeleted.png using Guid(77a39e873655d3c4b93d0b7696397b83) Importer(815301076,1909f56bfc062723c751e8b465ee728b)  -> (artifact id: '1509212692215a4a5645ea79f99c34e3') in 0.025586 seconds 
========================================================================
Received Import Request.
  Time since last request: 0.000023 seconds.
  path: Packages/com.unity.collab-proxy/Editor/PlasticSCM/Assets/Images/icondeletedremote.png
  artifactKey: Guid(b85a4b2ec6433d04895612d791edc260) Importer(815301076,1909f56bfc062723c751e8b465ee728b)
Start importing Packages/com.unity.collab-proxy/Editor/PlasticSCM/Assets/Images/icondeletedremote.png using Guid(b85a4b2ec6433d04895612d791edc260) Importer(815301076,1909f56bfc062723c751e8b465ee728b)  -> (artifact id: 'a78898b344064c0ebe130200b0ca481d') in 0.046787 seconds 
========================================================================
Received Import Request.
  Time since last request: 0.321837 seconds.
  path: Packages/com.unity.collab-proxy/Editor/PlasticSCM/Assets/Images/icondeletedremoteoverlay.png
  artifactKey: Guid(cc3a9f4e86314f746aa1a97505d6323b) Importer(815301076,1909f56bfc062723c751e8b465ee728b)
Start importing Packages/com.unity.collab-proxy/Editor/PlasticSCM/Assets/Images/icondeletedremoteoverlay.png using Guid(cc3a9f4e86314f746aa1a97505d6323b) Importer(815301076,1909f56bfc062723c751e8b465ee728b)  -> (artifact id: '270b0e6ffb78ffa085fcfbba6bb2f9ef') in 0.043779 seconds 
========================================================================
Received Import Request.
  Time since last request: 0.000017 seconds.
  path: Packages/com.unity.collab-proxy/Editor/PlasticSCM/Assets/Images/iconemptygravatar.png
  artifactKey: Guid(91976e8b9ce0f0341838727acd55621c) Importer(815301076,1909f56bfc062723c751e8b465ee728b)
Start importing Packages/com.unity.collab-proxy/Editor/PlasticSCM/Assets/Images/iconemptygravatar.png using Guid(91976e8b9ce0f0341838727acd55621c) Importer(815301076,1909f56bfc062723c751e8b465ee728b)  -> (artifact id: '488dfda96c89daabf6366b75885a81e9') in 0.047536 seconds 
========================================================================
Received Import Request.
  Time since last request: 0.000032 seconds.
  path: Packages/com.unity.collab-proxy/Editor/PlasticSCM/Assets/Images/iconlockedremoteoverlay@2x.png
  artifactKey: Guid(f73a7d8758d7be04588b15637d94b5a8) Importer(815301076,1909f56bfc062723c751e8b465ee728b)
Start importing Packages/com.unity.collab-proxy/Editor/PlasticSCM/Assets/Images/iconlockedremoteoverlay@2x.png using Guid(f73a7d8758d7be04588b15637d94b5a8) Importer(815301076,1909f56bfc062723c751e8b465ee728b)  -> (artifact id: 'a9016d44cde38d4a286b8569b961e6ed') in 0.040288 seconds 
========================================================================
Received Import Request.
  Time since last request: 0.000035 seconds.
  path: Packages/com.unity.collab-proxy/Editor/PlasticSCM/Assets/Images/iconlockedremoteoverlay.png
  artifactKey: Guid(e78d7bb19d72cdd478600b30412eecc9) Importer(815301076,1909f56bfc062723c751e8b465ee728b)
Start importing Packages/com.unity.collab-proxy/Editor/PlasticSCM/Assets/Images/iconlockedremoteoverlay.png using Guid(e78d7bb19d72cdd478600b30412eecc9) Importer(815301076,1909f56bfc062723c751e8b465ee728b)  -> (artifact id: 'f5b45c1527b9ef73fa5054e1dc95490e') in 0.038995 seconds 
========================================================================
Received Import Request.
  Time since last request: 0.000041 seconds.
  path: Packages/com.unity.collab-proxy/Editor/PlasticSCM/Assets/Images/iconemptygravatar@2x.png
  artifactKey: Guid(da545229eea36164d8b8cba2f75a1143) Importer(815301076,1909f56bfc062723c751e8b465ee728b)
Start importing Packages/com.unity.collab-proxy/Editor/PlasticSCM/Assets/Images/iconemptygravatar@2x.png using Guid(da545229eea36164d8b8cba2f75a1143) Importer(815301076,1909f56bfc062723c751e8b465ee728b)  -> (artifact id: '8da7304860e5a519382fbf351120f12a') in 0.041832 seconds 
========================================================================
Received Import Request.
  Time since last request: 0.086247 seconds.
  path: Packages/com.unity.collab-proxy/Editor/PlasticSCM/Assets/Images/iconoutofsync.png
  artifactKey: Guid(636d03a8834e3ed4cac3a1cb4b82deaf) Importer(815301076,1909f56bfc062723c751e8b465ee728b)
Start importing Packages/com.unity.collab-proxy/Editor/PlasticSCM/Assets/Images/iconoutofsync.png using Guid(636d03a8834e3ed4cac3a1cb4b82deaf) Importer(815301076,1909f56bfc062723c751e8b465ee728b)  -> (artifact id: 'd215d3f00686a4aeb59981aeaddea495') in 0.103295 seconds 
========================================================================
Received Import Request.
  Time since last request: 0.000054 seconds.
  path: Packages/com.unity.collab-proxy/Editor/PlasticSCM/Assets/Images/iconoutofsyncoverlay.png
  artifactKey: Guid(1079db1f4b377fb45aa245fd791993f6) Importer(815301076,1909f56bfc062723c751e8b465ee728b)
Start importing Packages/com.unity.collab-proxy/Editor/PlasticSCM/Assets/Images/iconoutofsyncoverlay.png using Guid(1079db1f4b377fb45aa245fd791993f6) Importer(815301076,1909f56bfc062723c751e8b465ee728b)  -> (artifact id: 'ee996e71cb98c9fd5f6bab9e9f5cae82') in 0.068864 seconds 
========================================================================
Received Import Request.
  Time since last request: 0.000098 seconds.
  path: Packages/com.unity.collab-proxy/Editor/PlasticSCM/Assets/Images/iconplastic.png
  artifactKey: Guid(3042b019b052942a1baf7aa49d7ca6bb) Importer(815301076,1909f56bfc062723c751e8b465ee728b)
Start importing Packages/com.unity.collab-proxy/Editor/PlasticSCM/Assets/Images/iconplastic.png using Guid(3042b019b052942a1baf7aa49d7ca6bb) Importer(815301076,1909f56bfc062723c751e8b465ee728b)  -> (artifact id: 'd28913f041112316cff1af0ed2be4161') in 0.042481 seconds 
========================================================================
Received Import Request.
  Time since last request: 0.000029 seconds.
  path: Packages/com.unity.collab-proxy/Editor/PlasticSCM/Assets/Images/iconplasticnotifyconflict@2x.png
  artifactKey: Guid(6e0a54826ffc3ee46b0aa3e1c1575a69) Importer(815301076,1909f56bfc062723c751e8b465ee728b)
Start importing Packages/com.unity.collab-proxy/Editor/PlasticSCM/Assets/Images/iconplasticnotifyconflict@2x.png using Guid(6e0a54826ffc3ee46b0aa3e1c1575a69) Importer(815301076,1909f56bfc062723c751e8b465ee728b)  -> (artifact id: '8ab34ff1ffd860de093ca81c9a568cd0') in 0.052192 seconds 
========================================================================
Received Import Request.
  Time since last request: 0.070638 seconds.
  path: Packages/com.unity.collab-proxy/Editor/PlasticSCM/Assets/Images/iconplasticnotifyincoming@2x.png
  artifactKey: Guid(ae869fe6797f4454cbbf417d87ff637c) Importer(815301076,1909f56bfc062723c751e8b465ee728b)
Start importing Packages/com.unity.collab-proxy/Editor/PlasticSCM/Assets/Images/iconplasticnotifyincoming@2x.png using Guid(ae869fe6797f4454cbbf417d87ff637c) Importer(815301076,1909f56bfc062723c751e8b465ee728b)  -> (artifact id: '4b6f07a43191607595c999bbd544bcd7') in 0.115574 seconds 
========================================================================
Received Import Request.
  Time since last request: 0.000052 seconds.
  path: Packages/com.unity.collab-proxy/Editor/PlasticSCM/Assets/Images/iconplasticviewnotify.png
  artifactKey: Guid(fcbb76d583fe7ee4e80e7e47c0593c4a) Importer(815301076,1909f56bfc062723c751e8b465ee728b)
Start importing Packages/com.unity.collab-proxy/Editor/PlasticSCM/Assets/Images/iconplasticviewnotify.png using Guid(fcbb76d583fe7ee4e80e7e47c0593c4a) Importer(815301076,1909f56bfc062723c751e8b465ee728b)  -> (artifact id: '4522d169d77890d6674726f973913b6d') in 0.039671 seconds 
========================================================================
Received Import Request.
  Time since last request: 0.000078 seconds.
  path: Packages/com.unity.collab-proxy/Editor/PlasticSCM/Assets/Images/iconplasticview.png
  artifactKey: Guid(dcb2ee37925b97e438ae244996d81a55) Importer(815301076,1909f56bfc062723c751e8b465ee728b)
Start importing Packages/com.unity.collab-proxy/Editor/PlasticSCM/Assets/Images/iconplasticview.png using Guid(dcb2ee37925b97e438ae244996d81a55) Importer(815301076,1909f56bfc062723c751e8b465ee728b)  -> (artifact id: '1c53583f60a70b738a493af35d4d9cd3') in 0.055562 seconds 
========================================================================
Received Import Request.
  Time since last request: 0.086481 seconds.
  path: Packages/com.unity.collab-proxy/Editor/PlasticSCM/Assets/Images/iconprivateoverlay.png
  artifactKey: Guid(9d6e2d7ce65565b4a93d524fe7a05d0b) Importer(815301076,1909f56bfc062723c751e8b465ee728b)
Start importing Packages/com.unity.collab-proxy/Editor/PlasticSCM/Assets/Images/iconprivateoverlay.png using Guid(9d6e2d7ce65565b4a93d524fe7a05d0b) Importer(815301076,1909f56bfc062723c751e8b465ee728b)  -> (artifact id: '04ae53d5da44a3fab25cda625305a0da') in 0.067466 seconds 
========================================================================
Received Import Request.
  Time since last request: 0.000037 seconds.
  path: Packages/com.unity.collab-proxy/Editor/PlasticSCM/Assets/Images/iconrepository.png
  artifactKey: Guid(ed64f3a17f2ede646be21ed6edc9161a) Importer(815301076,1909f56bfc062723c751e8b465ee728b)
Start importing Packages/com.unity.collab-proxy/Editor/PlasticSCM/Assets/Images/iconrepository.png using Guid(ed64f3a17f2ede646be21ed6edc9161a) Importer(815301076,1909f56bfc062723c751e8b465ee728b)  -> (artifact id: '9afc34364055ff130c1dfd54ce9d17a5') in 0.041123 seconds 
========================================================================
Received Import Request.
  Time since last request: 0.000097 seconds.
  path: Packages/com.unity.collab-proxy/Editor/PlasticSCM/Assets/Images/iconundo@2x.png
  artifactKey: Guid(0dfbb2b6ddcdd254da80e3418498b3a6) Importer(815301076,1909f56bfc062723c751e8b465ee728b)
Start importing Packages/com.unity.collab-proxy/Editor/PlasticSCM/Assets/Images/iconundo@2x.png using Guid(0dfbb2b6ddcdd254da80e3418498b3a6) Importer(815301076,1909f56bfc062723c751e8b465ee728b)  -> (artifact id: '9f084815b158914cc9fb0d5a8a988f21') in 0.052296 seconds 
========================================================================
Received Import Request.
  Time since last request: 0.000026 seconds.
  path: Packages/com.unity.collab-proxy/Editor/PlasticSCM/Assets/Images/iconundo.png
  artifactKey: Guid(98773313eabe35543bfdbf542ccea271) Importer(815301076,1909f56bfc062723c751e8b465ee728b)
Start importing Packages/com.unity.collab-proxy/Editor/PlasticSCM/Assets/Images/iconundo.png using Guid(98773313eabe35543bfdbf542ccea271) Importer(815301076,1909f56bfc062723c751e8b465ee728b)  -> (artifact id: '498f867d088be00552f07ba1181ebcc6') in 0.051020 seconds 
========================================================================
Received Import Request.
  Time since last request: 0.237666 seconds.
  path: Packages/com.unity.collab-proxy/Editor/PlasticSCM/Assets/Images/loading.png
  artifactKey: Guid(c6b1bcaa3f4767141acd747384dbb276) Importer(815301076,1909f56bfc062723c751e8b465ee728b)
Start importing Packages/com.unity.collab-proxy/Editor/PlasticSCM/Assets/Images/loading.png using Guid(c6b1bcaa3f4767141acd747384dbb276) Importer(815301076,1909f56bfc062723c751e8b465ee728b)  -> (artifact id: '59646fac4e38f0b76717d306142f6efc') in 0.092604 seconds 
========================================================================
Received Import Request.
  Time since last request: 0.000032 seconds.
  path: Packages/com.unity.collab-proxy/Editor/PlasticSCM/Assets/Images/ok.png
  artifactKey: Guid(3238dca1e9ea9fb4aa64b28298ba6dbd) Importer(815301076,1909f56bfc062723c751e8b465ee728b)
Start importing Packages/com.unity.collab-proxy/Editor/PlasticSCM/Assets/Images/ok.png using Guid(3238dca1e9ea9fb4aa64b28298ba6dbd) Importer(815301076,1909f56bfc062723c751e8b465ee728b)  -> (artifact id: '08c4dda493e3fc0d5f6e571c0254819c') in 0.042818 seconds 
========================================================================
Received Import Request.
  Time since last request: 0.000033 seconds.
  path: Packages/com.unity.collab-proxy/Editor/PlasticSCM/Assets/Images/refresh.png
  artifactKey: Guid(6f6a4c6bd7cdc654d9d91f7de72afcb6) Importer(815301076,1909f56bfc062723c751e8b465ee728b)
Start importing Packages/com.unity.collab-proxy/Editor/PlasticSCM/Assets/Images/refresh.png using Guid(6f6a4c6bd7cdc654d9d91f7de72afcb6) Importer(815301076,1909f56bfc062723c751e8b465ee728b)  -> (artifact id: 'f192caebfcfbdb95e76d85f557aa2792') in 0.049760 seconds 
========================================================================
Received Import Request.
  Time since last request: 0.183024 seconds.
  path: Packages/com.unity.collab-proxy/Editor/PlasticSCM/Assets/Images/secondarytabclose.png
  artifactKey: Guid(03cefa94d5aa9d74993fb2138af9d607) Importer(815301076,1909f56bfc062723c751e8b465ee728b)
Start importing Packages/com.unity.collab-proxy/Editor/PlasticSCM/Assets/Images/secondarytabclose.png using Guid(03cefa94d5aa9d74993fb2138af9d607) Importer(815301076,1909f56bfc062723c751e8b465ee728b)  -> (artifact id: '84e54bc8efc064f85eb0d74f8b8b33e7') in 0.039961 seconds 
========================================================================
Received Import Request.
  Time since last request: 0.000025 seconds.
  path: Packages/com.unity.collab-proxy/Editor/PlasticSCM/Assets/Images/secondarytabclosehover.png
  artifactKey: Guid(8fac55fff4ce5fa40a7b2efefc0e617a) Importer(815301076,1909f56bfc062723c751e8b465ee728b)
Start importing Packages/com.unity.collab-proxy/Editor/PlasticSCM/Assets/Images/secondarytabclosehover.png using Guid(8fac55fff4ce5fa40a7b2efefc0e617a) Importer(815301076,1909f56bfc062723c751e8b465ee728b)  -> (artifact id: '03fb26a04807b2e10e47954661d2cd0a') in 0.039779 seconds 
========================================================================
Received Import Request.
  Time since last request: 797.445189 seconds.
  path: Packages/com.unity.collab-proxy/Editor/PlasticSCM/Assets/Images/step2.png
  artifactKey: Guid(cd0b17b71a5c498428ee91dee8a78a88) Importer(815301076,1909f56bfc062723c751e8b465ee728b)
Start importing Packages/com.unity.collab-proxy/Editor/PlasticSCM/Assets/Images/step2.png using Guid(cd0b17b71a5c498428ee91dee8a78a88) Importer(815301076,1909f56bfc062723c751e8b465ee728b)  -> (artifact id: '5bad9825eda2719e551d1b4226a9d16e') in 0.241693 seconds 
========================================================================
Received Import Request.
  Time since last request: 1139.690065 seconds.
  path: Packages/com.unity.collab-proxy/Editor/PlasticSCM/Assets/Images/step3.png
  artifactKey: Guid(69899ed144c8eea4baea48b858b37746) Importer(815301076,1909f56bfc062723c751e8b465ee728b)
Start importing Packages/com.unity.collab-proxy/Editor/PlasticSCM/Assets/Images/step3.png using Guid(69899ed144c8eea4baea48b858b37746) Importer(815301076,1909f56bfc062723c751e8b465ee728b)  -> (artifact id: '2ad20cb569f28b3c028e26e1f519b4e3') in 0.217501 seconds 
========================================================================
Received Import Request.
  Time since last request: 0.000045 seconds.
  path: Packages/com.unity.collab-proxy/Editor/PlasticSCM/Assets/Images/stepok.png
  artifactKey: Guid(d4780dc1205c7c7478c970d8c61d24e8) Importer(815301076,1909f56bfc062723c751e8b465ee728b)
Start importing Packages/com.unity.collab-proxy/Editor/PlasticSCM/Assets/Images/stepok.png using Guid(d4780dc1205c7c7478c970d8c61d24e8) Importer(815301076,1909f56bfc062723c751e8b465ee728b)  -> (artifact id: '6cd9657123aa72b3d191de7a8a9e4bd8') in 0.035950 seconds 
========================================================================
Received Import Request.
  Time since last request: 0.000036 seconds.
  path: Packages/com.unity.collab-proxy/Editor/PlasticSCM/Assets/Images/stepok@2x.png
  artifactKey: Guid(be340a165cb9c8d4cb50f1deeb51d4ea) Importer(815301076,1909f56bfc062723c751e8b465ee728b)
Start importing Packages/com.unity.collab-proxy/Editor/PlasticSCM/Assets/Images/stepok@2x.png using Guid(be340a165cb9c8d4cb50f1deeb51d4ea) Importer(815301076,1909f56bfc062723c751e8b465ee728b)  -> (artifact id: '3d94409864ed293c9f31893675d6790b') in 0.040549 seconds 
========================================================================
Received Import Request.
  Time since last request: 598.058145 seconds.
  path: Assets/TIles/WorldBuilding.prefab
  artifactKey: Guid(a3d5bf12c81bfac42b2c575849b95ed3) Importer(815301076,1909f56bfc062723c751e8b465ee728b)
Start importing Assets/TIles/WorldBuilding.prefab using Guid(a3d5bf12c81bfac42b2c575849b95ed3) Importer(815301076,1909f56bfc062723c751e8b465ee728b)  -> (artifact id: 'caa836160162a25b1e73a23c6c363317') in 0.052094 seconds 
